Determining if the pthread_create exist failed with the following output:
Change Dir: /home/pi/Documents/mjpg-streamer3/mjpg-streamer/mjpg-streamer-experimental/_build/CMakeFiles/CMakeTmp

Run Build Command:"/usr/bin/make" "cmTryCompileExec1355429917/fast"
make[1]: Entering directory '/home/pi/Documents/mjpg-streamer3/mjpg-streamer/mjpg-streamer-experimental/_build/CMakeFiles/CMakeTmp'
/usr/bin/make -f CMakeFiles/cmTryCompileExec1355429917.dir/build.make CMakeFiles/cmTryCompileExec1355429917.dir/build
make[2]: Entering directory '/home/pi/Documents/mjpg-streamer3/mjpg-streamer/mjpg-streamer-experimental/_build/CMakeFiles/CMakeTmp'
/usr/bin/cmake -E cmake_progress_report /home/pi/Documents/mjpg-streamer3/mjpg-streamer/mjpg-streamer-experimental/_build/CMakeFiles/CMakeTmp/CMakeFiles 1
Building C object CMakeFiles/cmTryCompileExec1355429917.dir/CheckSymbolExists.c.o
/usr/bin/cc    -o CMakeFiles/cmTryCompileExec1355429917.dir/CheckSymbolExists.c.o   -c /home/pi/Documents/mjpg-streamer3/mjpg-streamer/mjpg-streamer-experimental/_build/CMakeFiles/CMakeTmp/CheckSymbolExists.c
Linking C executable cmTryCompileExec1355429917
/usr/bin/cmake -E cmake_link_script CMakeFiles/cmTryCompileExec1355429917.dir/link.txt --verbose=1
/usr/bin/cc       CMakeFiles/cmTryCompileExec1355429917.dir/CheckSymbolExists.c.o  -o cmTryCompileExec1355429917 -rdynamic 
CMakeFiles/cmTryCompileExec1355429917.dir/CheckSymbolExists.c.o: In function `main':
CheckSymbolExists.c:(.text+0x38): undefined reference to `pthread_create'
collect2: error: ld returned 1 exit status
CMakeFiles/cmTryCompileExec1355429917.dir/build.make:88: recipe for target 'cmTryCompileExec1355429917' failed
make[2]: Leaving directory '/home/pi/Documents/mjpg-streamer3/mjpg-streamer/mjpg-streamer-experimental/_build/CMakeFiles/CMakeTmp'
make[2]: *** [cmTryCompileExec1355429917] Error 1
Makefile:118: recipe for target 'cmTryCompileExec1355429917/fast' failed
make[1]: Leaving directory '/home/pi/Documents/mjpg-streamer3/mjpg-streamer/mjpg-streamer-experimental/_build/CMakeFiles/CMakeTmp'
make[1]: *** [cmTryCompileExec1355429917/fast] Error 2

File /home/pi/Documents/mjpg-streamer3/mjpg-streamer/mjpg-streamer-experimental/_build/CMakeFiles/CMakeTmp/CheckSymbolExists.c:
/* */
#include <pthread.h>

int main(int argc, char** argv)
{
  (void)argv;
#ifndef pthread_create
  return ((int*)(&pthread_create))[argc];
#else
  (void)argc;
  return 0;
#endif
}

Determining if the function pthread_create exists in the pthreads failed with the following output:
Change Dir: /home/pi/Documents/mjpg-streamer3/mjpg-streamer/mjpg-streamer-experimental/_build/CMakeFiles/CMakeTmp

Run Build Command:"/usr/bin/make" "cmTryCompileExec2761926869/fast"
make[1]: Entering directory '/home/pi/Documents/mjpg-streamer3/mjpg-streamer/mjpg-streamer-experimental/_build/CMakeFiles/CMakeTmp'
/usr/bin/make -f CMakeFiles/cmTryCompileExec2761926869.dir/build.make CMakeFiles/cmTryCompileExec2761926869.dir/build
make[2]: Entering directory '/home/pi/Documents/mjpg-streamer3/mjpg-streamer/mjpg-streamer-experimental/_build/CMakeFiles/CMakeTmp'
/usr/bin/cmake -E cmake_progress_report /home/pi/Documents/mjpg-streamer3/mjpg-streamer/mjpg-streamer-experimental/_build/CMakeFiles/CMakeTmp/CMakeFiles 1
Building C object CMakeFiles/cmTryCompileExec2761926869.dir/CheckFunctionExists.c.o
/usr/bin/cc   -DCHECK_FUNCTION_EXISTS=pthread_create   -o CMakeFiles/cmTryCompileExec2761926869.dir/CheckFunctionExists.c.o   -c /usr/share/cmake-3.0/Modules/CheckFunctionExists.c
Linking C executable cmTryCompileExec2761926869
/usr/bin/cmake -E cmake_link_script CMakeFiles/cmTryCompileExec2761926869.dir/link.txt --verbose=1
/usr/bin/cc   -DCHECK_FUNCTION_EXISTS=pthread_create    CMakeFiles/cmTryCompileExec2761926869.dir/CheckFunctionExists.c.o  -o cmTryCompileExec2761926869 -rdynamic -lpthreads 
/usr/bin/ld: cannot find -lpthreads
collect2: error: ld returned 1 exit status
CMakeFiles/cmTryCompileExec2761926869.dir/build.make:88: recipe for target 'cmTryCompileExec2761926869' failed
make[2]: Leaving directory '/home/pi/Documents/mjpg-streamer3/mjpg-streamer/mjpg-streamer-experimental/_build/CMakeFiles/CMakeTmp'
make[2]: *** [cmTryCompileExec2761926869] Error 1
Makefile:118: recipe for target 'cmTryCompileExec2761926869/fast' failed
make[1]: Leaving directory '/home/pi/Documents/mjpg-streamer3/mjpg-streamer/mjpg-streamer-experimental/_build/CMakeFiles/CMakeTmp'
make[1]: *** [cmTryCompileExec2761926869/fast] Error 2


